[2021-03-07 11:56:16] User lrf deposits 1.4250002778749924e-05(now 1.4250002778749924e-05) ETH.
Now Balance: {'lrf': 1.4250002778749924e-05, 'ljj': 0, 'rjj': 0, 'gz': 0}
[2021-03-07 11:57:01] User ljj deposits 0.0007863816109600001(now 0.0007863816109600001) ETH.
Now Balance: {'lrf': 1.4250002778749924e-05, 'ljj': 0.0007863816109600001, 'rjj': 0, 'gz': 0}
[2021-03-07 12:05:33] User gz deposits 0.00020526315758607067(now 0.00020526315758607067) ETH.
Now Balance: {'lrf': 1.4250002778749924e-05, 'ljj': 0.0007863816109600001, 'rjj': 0, 'gz': 0.00020526315758607067}
[2021-03-08 00:20:11] User lrf deposits 0.1 (now 0.10001425000277876) ETH. (note test)
Now Balance: {'lrf': 0.10001425000277876, 'ljj': 0.0007863816109600001, 'rjj': 0, 'gz': 0.00020526315758607067}
[2021-03-08 00:20:32] User lrf withdraws 0.1 (now 1.4250002778756765e-05) ETH. (note test)
Now Balance: {'lrf': 1.4250002778756765e-05, 'ljj': 0.0007863816109600001, 'rjj': 0, 'gz': 0.00020526315758607067}
[2021-03-08 12:07:33] User gz deposits 0.001968197133829828 (now 0.0021734602914158987) ETH. (None)
Now Balance: {'lrf': 1.4250002778756765e-05, 'ljj': 0.0007863816109600001, 'rjj': 0, 'gz': 0.0021734602914158987}
[2021-03-08 12:07:47] User gz deposits 0.00018188775664670947 (now 0.0023553480480626083) ETH. (None)
Now Balance: {'lrf': 1.4250002778756765e-05, 'ljj': 0.0007863816109600001, 'rjj': 0, 'gz': 0.0023553480480626083}
[2021-03-08 12:08:10] User rjj deposits 0.013249852683424535 (now 0.013249852683424535) ETH. (None)
Now Balance: {'lrf': 1.4250002778756765e-05, 'ljj': 0.0007863816109600001, 'rjj': 0.013249852683424535, 'gz': 0.0023553480480626083}
[2021-03-08 12:08:37] User lrf deposits 0.013684579312100207 (now 0.013698829314878964) ETH. (None)
Now Balance: {'lrf': 0.013698829314878964, 'ljj': 0.0007863816109600001, 'rjj': 0.013249852683424535, 'gz': 0.0023553480480626083}
[2021-03-08 12:08:57] User lrf deposits 0.04097277927537061 (now 0.054671608590249575) ETH. (None)
Now Balance: {'lrf': 0.054671608590249575, 'ljj': 0.0007863816109600001, 'rjj': 0.013249852683424535, 'gz': 0.0023553480480626083}
